\BOOKMARK [1][-]{section.1}{\376\377\000I\000n\000t\000r\000o\000d\000u\000c\000t\000i\000o\000n}{}% 1
\BOOKMARK [1][-]{section.2}{\376\377\000R\000e\000l\000a\000t\000i\000o\000n\000\040\000t\000o\000\040\000e\000a\000r\000l\000i\000e\000r\000\040\000w\000o\000r\000k}{}% 2
\BOOKMARK [1][-]{section.3}{\376\377\000T\000h\000e\000\040\000k\000e\000r\000n\000e\000l\000\040\000a\000n\000d\000\040\000s\000m\000o\000o\000t\000h\000\040\000e\000v\000e\000n\000\040\000c\000o\000n\000t\000i\000n\000u\000a\000t\000i\000o\000n}{}% 3
\BOOKMARK [1][-]{section.4}{\376\377\000C\000e\000r\000t\000i\000f\000i\000e\000d\000\040\000o\000n\000e\000-\000v\000a\000r\000i\000a\000b\000l\000e\000\040\000i\000n\000p\000u\000t\000s}{}% 4
\BOOKMARK [1][-]{section.5}{\376\377\000O\000r\000d\000e\000r\000\040\000t\000h\000r\000e\000e\000\040\000a\000n\000d\000\040\000t\000h\000e\000\040\000p\000o\000s\000i\000t\000i\000v\000e\000\040\000s\000l\000o\000p\000e\000\040\000f\000u\000n\000c\000t\000i\000o\000n\000a\000l}{}% 5
\BOOKMARK [1][-]{section.6}{\376\377\000Q\000u\000o\000t\000i\000e\000n\000t\000-\000W\000r\000o\000n\000s\000k\000i\000a\000n\000\040\000r\000e\000d\000u\000c\000t\000i\000o\000n}{}% 6
\BOOKMARK [1][-]{section.7}{\376\377\000C\000u\000r\000v\000a\000t\000u\000r\000e\000\040\000c\000o\000o\000r\000d\000i\000n\000a\000t\000e\000\040\000a\000n\000d\000\040\000s\000i\000g\000n\000\040\000b\000r\000i\000d\000g\000e}{}% 7
\BOOKMARK [1][-]{section.8}{\376\377\000T\000h\000e\000\040\000c\000o\000n\000f\000l\000u\000e\000n\000t\000\040\000i\000n\000v\000a\000r\000i\000a\000n\000t\000\040\000i\000n\000\040\000c\000u\000r\000v\000a\000t\000u\000r\000e\000\040\000f\000o\000r\000m}{}% 8
\BOOKMARK [1][-]{section.9}{\376\377\000E\000x\000a\000c\000t\000\040\000t\000r\000a\000n\000s\000p\000o\000r\000t\000\040\000i\000d\000e\000n\000t\000i\000t\000y}{}% 9
\BOOKMARK [1][-]{section.10}{\376\377\000T\000h\000e\000\040\000p\000o\000s\000i\000t\000i\000v\000e\000\040\000c\000r\000o\000s\000s\000i\000n\000g\000\040\000k\000e\000r\000n\000e\000l}{}% 10
\BOOKMARK [1][-]{section.11}{\376\377\000C\000o\000m\000p\000l\000e\000t\000i\000o\000n\000\040\000a\000n\000d\000\040\000e\000x\000a\000c\000t\000\040\000o\000r\000d\000e\000r}{}% 11
\BOOKMARK [1][-]{section.12}{\376\377\000A\000n\000\040\000e\000x\000p\000l\000i\000c\000i\000t\000\040\000c\000o\000n\000t\000i\000n\000u\000o\000u\000s\000\040\000P\000F\0004\000\040\000s\000e\000p\000a\000r\000a\000t\000o\000r}{}% 12
\BOOKMARK [2][-]{subsection.12.1}{\376\377\000S\000t\000r\000i\000c\000t\000\040\000P\000F\0003}{section.12}% 13
\BOOKMARK [2][-]{subsection.12.2}{\376\377\000E\000x\000a\000c\000t\000\040\000o\000r\000d\000e\000r\000-\000f\000o\000u\000r\000\040\000d\000e\000n\000s\000i\000t\000y}{section.12}% 14
\BOOKMARK [2][-]{subsection.12.3}{\376\377\000N\000o\000n\000r\000e\000a\000l\000\040\000F\000o\000u\000r\000i\000e\000r\000\040\000z\000e\000r\000o\000s}{section.12}% 15
\BOOKMARK [1][-]{section.13}{\376\377\000R\000e\000p\000r\000o\000d\000u\000c\000i\000b\000i\000l\000i\000t\000y\000\040\000a\000n\000d\000\040\000e\000v\000i\000d\000e\000n\000c\000e\000\040\000b\000o\000u\000n\000d\000a\000r\000y}{}% 16
\BOOKMARK [1][-]{section.14}{\376\377\000A\000v\000a\000i\000l\000a\000b\000i\000l\000i\000t\000y\000\040\000a\000n\000d\000\040\000c\000o\000m\000p\000u\000t\000a\000t\000i\000o\000n\000a\000l\000\040\000p\000r\000o\000v\000e\000n\000a\000n\000c\000e}{}% 17
\BOOKMARK [1][-]{appendix.A}{\376\377\000C\000o\000n\000f\000l\000u\000e\000n\000t\000\040\000a\000n\000d\000\040\000c\000u\000r\000v\000a\000t\000u\000r\000e\000\040\000a\000l\000g\000e\000b\000r\000a}{}% 18
\BOOKMARK [1][-]{appendix.B}{\376\377\000T\000a\000i\000l\000\040\000e\000n\000v\000e\000l\000o\000p\000e\000s\000\040\000a\000n\000d\000\040\000n\000o\000r\000m\000a\000l\000i\000z\000e\000d\000\040\000m\000a\000r\000g\000i\000n}{}% 19
\BOOKMARK [1][-]{appendix.C}{\376\377\000E\000n\000d\000p\000o\000i\000n\000t\000\040\000a\000u\000d\000i\000t\000\040\000o\000f\000\040\000t\000h\000e\000\040\000t\000r\000a\000n\000s\000p\000o\000r\000t\000\040\000c\000a\000n\000c\000e\000l\000l\000a\000t\000i\000o\000n}{}% 20
\BOOKMARK [1][-]{appendix.D}{\376\377\000P\000r\000o\000o\000f\000\040\000p\000r\000o\000v\000e\000n\000a\000n\000c\000e}{}% 21
\BOOKMARK [1][-]{appendix.E}{\376\377\000E\000x\000a\000c\000t\000\040\000s\000e\000p\000a\000r\000a\000t\000o\000r\000\040\000a\000u\000d\000i\000t}{}% 22
