scanned=32768 negative=0
scanned=294912 negative=0
scanned=557056 negative=0
scanned=819200 negative=0
{
  "negative": 0,
  "best": [
    {
      "scaled_det": 1.000092321105151e-12,
      "parameters": [
        -1.1113555170595646,
        -0.9370665028691292,
        -7.307175524532795,
        -3.667613198980689,
        -5.0336273815482855,
        -5.534286709502339,
        -7.600741755217314
      ],
      "x": [
        0.0,
        0.39177542339293187,
        0.3924461321726708,
        0.4179834820089785
      ],
      "y": [
        1.1113555170595646,
        1.1178706518358323,
        1.121819676269063,
        1.1223197566276824
      ]
    },
    {
      "scaled_det": 1.0001231414061245e-12,
      "parameters": [
        -1.9972610846161842,
        -8.460208313539624,
        -6.9034823924303055,
        -5.599202938377857,
        -6.059141378849745,
        -4.129098454490304,
        -4.589363854378462
      ],
      "x": [
        0.0,
        0.0002117279602785513,
        0.0012160099886261062,
        0.0049168223053132855
      ],
      "y": [
        1.9972610846161842,
        1.9995974907304304,
        2.0156948755381245,
        2.0258541946626663
      ]
    },
    {
      "scaled_det": 1.0001632671712609e-12,
      "parameters": [
        -0.11987493932247162,
        -0.5960927493870258,
        -5.751227974891663,
        -2.4532238449901342,
        -3.5436465367674828,
        -8.086796324700117,
        -6.810245119035244
      ],
      "x": [
        0.0,
        0.5509601754029199,
        0.554139050223237,
        0.6401548875268254
      ],
      "y": [
        0.11987493932247162,
        0.148782660904907,
        0.1490902344511012,
        0.15019265709316312
      ]
    }
  ]
}
/Users/quentinkuttenkuler/zeta/work/2026-07-12-riemann-kernel-pf34-classification/sobol-order-4.json
