scanned=32768 negative=0
scanned=294912 negative=0
scanned=557056 negative=0
scanned=819200 negative=0
{
  "negative": 0,
  "best": [
    {
      "scaled_det": 1.0000088790432983e-12,
      "parameters": [
        -0.13047713786363602,
        -4.643687471747398,
        -8.480999540537596,
        -5.909591667354107,
        -6.5860049575567245
      ],
      "x": [
        0.0,
        0.009622150719779272,
        0.00982952204282834
      ],
      "y": [
        0.13047713786363602,
        0.1331904324516103,
        0.1345699727429106
      ]
    },
    {
      "scaled_det": 1.000074414351086e-12,
      "parameters": [
        -0.2731703817844391,
        -7.716500690206885,
        -6.055351799353957,
        -7.724151942878962,
        -4.532338535413146
      ],
      "x": [
        0.0,
        0.0004454165304076018,
        0.0027906934390323533
      ],
      "y": [
        0.2731703817844391,
        0.2736124033249533,
        0.284367897860357
      ]
    },
    {
      "scaled_det": 1.0003756585140745e-12,
      "parameters": [
        1.339355580508709,
        -5.595833012834191,
        -6.1863404382020235,
        -8.870675196871161,
        -8.693759474903345
      ],
      "x": [
        0.0,
        0.003713304816219655,
        0.00577064677997602
      ],
      "y": [
        -1.339355580508709,
        -1.3392151327829211,
        -1.3390475041384695
      ]
    }
  ]
}
$HOME/zeta/work/2026-07-12-riemann-kernel-pf34-classification/sobol-order-3.json
