===== STABLE-FRAME VALIDATION =====
z=6
  j=1: stable=-1.112804e-05 old=-1.112804e-05 diff_radius=2.056e-55
  j=2: stable= 3.850678e-04 old= 3.850678e-04 diff_radius=3.624e-54
  j=3: stable=-1.254407e-02 old=-1.254407e-02 diff_radius=7.975e-53
  j=4: stable= 3.817300e-01 old= 3.817300e-01 diff_radius=2.239e-51
  j=5: stable=-1.074146e+01 old=-1.074146e+01 diff_radius=7.988e-50
  j=6: stable= 2.755977e+02 old= 2.755977e+02 diff_radius=3.497e-48
z=8
  j=1: stable=-3.426839e-08 old=-3.426839e-08 diff_radius=4.248e-55
  j=2: stable= 1.589965e-06 old= 1.589965e-06 diff_radius=1.314e-53
  j=3: stable=-7.051802e-05 old=-7.051802e-05 diff_radius=4.194e-52
  j=4: stable= 2.976770e-03 old= 2.976770e-03 diff_radius=1.862e-50
  j=5: stable=-1.189578e-01 old=-1.189578e-01 diff_radius=1.081e-48
  j=6: stable= 4.469797e+00 old= 4.469797e+00 diff_radius=7.819e-47
z=12
  j=1: stable=-2.967474e-13 old=-2.967474e-13 diff_radius=8.151e-55
  j=2: stable= 2.084191e-11 old= 2.084191e-11 diff_radius=4.563e-53
  j=3: stable=-1.421262e-09 old=-1.421262e-09 diff_radius=2.575e-51
  j=4: stable= 9.392936e-08 old= 9.392936e-08 diff_radius=2.046e-49
  j=5: stable=-6.003515e-06 old=-6.003515e-06 diff_radius=2.163e-47
  j=6: stable= 3.701917e-04 old= 3.701917e-04 diff_radius=2.859e-45
z=18
  j=1: stable=-6.528998e-21 old=-6.528998e-21 diff_radius=2.122e-54
  j=2: stable= 6.930186e-19 old= 6.930186e-19 diff_radius=1.966e-52
  j=3: stable=-7.215217e-17 old=-7.215217e-17 diff_radius=1.831e-50
  j=4: stable= 7.362475e-15 old= 7.362475e-15 diff_radius=2.420e-48
  j=5: stable=-7.356996e-13 old=-7.356996e-13 diff_radius=4.259e-46
  j=6: stable= 7.192427e-11 old= 7.192427e-11 diff_radius=9.374e-44
z=22
  j=1: stable=-4.839802e-26 old=-4.839802e-26 diff_radius=2.558e-54
  j=2: stable= 6.297318e-24 old= 6.297318e-24 diff_radius=2.979e-52
  j=3: stable=-8.066121e-22 old=-8.066121e-22 diff_radius=3.487e-50
  j=4: stable= 1.016564e-19 old= 1.016564e-19 diff_radius=5.827e-48
  j=5: stable=-1.259876e-17 old=-1.259876e-17 diff_radius=1.296e-45
  j=6: stable= 1.534578e-15 old= 1.534578e-15 diff_radius=3.607e-43
z=23
  j=1: stable=-2.512839e-27 old=-2.512839e-27 diff_radius=2.654e-54
  j=2: stable= 3.420215e-25 old= 3.420215e-25 diff_radius=3.289e-52
  j=3: stable=-4.585948e-23 old=-4.585948e-23 diff_radius=4.055e-50
  j=4: stable= 6.054675e-21 old= 6.054675e-21 diff_radius=7.116e-48
  j=5: stable=-7.867257e-19 old=-7.867257e-19 diff_radius=1.665e-45
  j=6: stable= 1.005530e-16 old= 1.005530e-16 diff_radius=4.872e-43
stable band progress: 1000/2688
stable band progress: 2000/2688
stable direct-tail band: cells=2688 elapsed=0.5s

certified stable table for z >= 6:
  E[1]=1.456774615883e-02 argmax=(5.999999986155411, 6.003000758844531)
  E[2]=5.072181559364e-01 argmax=(5.999999986155411, 6.003000758844531)
  E[3]=1.669987671132e+01 argmax=(5.999999986155411, 6.003000758844531)
  E[4]=5.185758966505e+02 argmax=(5.999999986155411, 6.003000758844531)
  E[5]=1.523658921631e+04 argmax=(5.999999986155411, 6.003000758844531)
  E[6]=4.344567689923e+05 argmax=(5.999999986155411, 6.003000758844531)

certified stable table for z >= 7:
  E[1]=1.509719202414e-03 argmax=(6.998945293059157, 7.002445681532342)
  E[2]=6.159501631869e-02 argmax=(6.998945293059157, 7.002445681532342)
  E[3]=2.401736978705e+00 argmax=(6.998945293059157, 7.002445681532342)
  E[4]=8.969530063391e+01 argmax=(6.998945293059157, 7.002445681532342)
  E[5]=3.251155995758e+03 argmax=(6.998945293059157, 7.002445681532342)
  E[6]=1.197652448298e+05 argmax=(6.998945293059157, 7.002445681532342)

certified stable table for z >= 8:
  E[1]=1.426794638635e-04 argmax=(7.998543523704299, 8.002543832256649)
  E[2]=6.683828715785e-03 argmax=(7.998543523704299, 8.002543832256649)
  E[3]=3.018513341910e-01 argmax=(7.998543523704299, 8.002543832256649)
  E[4]=1.322846007069e+01 argmax=(7.998543523704299, 8.002543832256649)
  E[5]=5.757304975883e+02 argmax=(7.998543523704299, 8.002543832256649)
  E[6]=2.660040032555e+04 argmax=(7.998543523704299, 8.002543832256649)

certified stable table for z >= 9:
  E[1]=1.262992325508e-05 argmax=(8.995814965592794, 9.000314047289644)
  E[2]=6.683740641677e-04 argmax=(8.995814965592794, 9.000314047289644)
  E[3]=3.434505695781e-02 argmax=(8.995814965592794, 9.000314047289644)
  E[4]=1.731680926195e+00 argmax=(8.995814965592794, 9.000314047289644)
  E[5]=8.844135286533e+01 argmax=(8.995814965592794, 9.000314047289644)
  E[6]=4.972506090761e+03 argmax=(8.995814965592794, 9.000314047289644)

certified stable table for z >= 10:
  E[1]=1.046482765192e-06 argmax=(9.996744252737706, 10.00174393329872)
  E[2]=6.179583140426e-05 argmax=(9.996744252737706, 10.00174393329872)
  E[3]=3.565095773382e-03 argmax=(9.996744252737706, 10.00174393329872)
  E[4]=2.037660689221e-01 argmax=(9.996744252737706, 10.00174393329872)
  E[5]=1.200461826581e+01 argmax=(9.996744252737706, 10.00174393329872)
  E[6]=8.027093454118e+02 argmax=(9.996744252737706, 10.00174393329872)

certified stable table for z >= 12:
  E[1]=6.295599371776e-09 argmax=(11.998233937604958, 12.0042346052335)
  E[2]=4.494726850611e-07 argmax=(11.998233937604958, 12.0042346052335)
  E[3]=3.166621346130e-05 argmax=(11.998233937604958, 12.0042346052335)
  E[4]=2.246365248557e-03 argmax=(11.998233937604958, 12.0042346052335)
  E[5]=1.691545407471e-01 argmax=(11.998233937604958, 12.0042346052335)
  E[6]=1.515641312785e+01 argmax=(11.998233937604958, 12.0042346052335)

certified stable table for z >= 14:
  E[1]=3.348186063740e-11 argmax=(13.995830516583895, 14.002830263633017)
  E[2]=2.806129398133e-09 argmax=(13.995830516583895, 14.002830263633017)
  E[3]=2.339452421864e-07 argmax=(13.995830516583895, 14.002830263633017)
  E[4]=1.990424637214e-05 argmax=(13.995830516583895, 14.002830263633017)
  E[5]=1.841351240156e-03 argmax=(13.995830516583895, 14.002830263633017)
  E[6]=2.097132687374e-01 argmax=(13.995830516583895, 14.002830263633017)

certified stable table for z >= 16:
  E[1]=1.608032469228e-13 argmax=(15.994732755786604, 16.002732225967552)
  E[2]=1.548865503332e-11 argmax=(15.994732755786604, 16.002732225967552)
  E[3]=1.494099714317e-09 argmax=(15.994732755786604, 16.002732225967552)
  E[4]=1.488018150394e-07 argmax=(15.994732755786604, 16.002732225967552)
  E[5]=1.644317526206e-05 argmax=(15.994732755786604, 16.002732225967552)
  E[6]=2.293981931965e-03 argmax=(15.994732755786604, 16.002732225967552)

certified stable table for z >= 18:
  E[1]=7.074513311379e-16 argmax=(17.99797887861532, 18.006980201913755)
  E[2]=7.706920040689e-14 argmax=(17.99797887861532, 18.006980201913755)
  E[3]=8.458283302690e-12 argmax=(17.99797887861532, 18.006980201913755)
  E[4]=9.683163294991e-10 argmax=(17.99797887861532, 18.006980201913755)
  E[5]=1.251537679608e-07 argmax=(17.99797887861532, 18.006980201913755)
  E[6]=2.081196556306e-05 argmax=(17.99797887861532, 18.006980201913755)

certified stable table for z >= 20:
  E[1]=3.017417427298e-18 argmax=(19.990546073976308, 20.000543937065974)
  E[2]=3.668223606991e-16 argmax=(19.990546073976308, 20.000543937065974)
  E[3]=4.516274576192e-14 argmax=(19.990546073976308, 20.000543937065974)
  E[4]=5.853919159064e-12 argmax=(19.990546073976308, 20.000543937065974)
  E[5]=8.695804166224e-10 argmax=(19.990546073976308, 20.000543937065974)
  E[6]=2.608931178922e-07 argmax=(19.990546073976308, 20.000543937065974)

certified stable table for z >= 22:
  E[1]=1.190257380859e-20 argmax=(21.99377515673884, 22.004774896345474)
  E[2]=1.599002377315e-18 argmax=(21.99377515673884, 22.004774896345474)
  E[3]=4.657971294055e-16 argmax=(21.99377515673884, 22.004774896345474)
  E[4]=2.906525465599e-13 argmax=(21.99377515673884, 22.004774896345474)
  E[5]=2.446831327034e-10 argmax=(21.99377515673884, 22.004774896345474)
  E[6]=2.608931178922e-07 argmax=(21.99377515673884, 22.004774896345474)

audited table for z >= 23:
  E[1]=3.901536291081e-21
  E[2]=1.093030277129e-18
  E[3]=4.657971294055e-16
  E[4]=2.906525465599e-13
  E[5]=2.446831327034e-10
  E[6]=2.608931178922e-07

===== PLAIN S_r POSITIVITY =====
blocks: 292 [1.7s]
S_r transfer: coefficients=2553 negative=273 [33.0s]
S_r floor=6 target=0.000000e+00: FAIL
blocks: 292 [0.6s]
S_r transfer: coefficients=2553 negative=268 [32.9s]
S_r floor=7 target=0.000000e+00: FAIL
blocks: 292 [0.6s]
S_r transfer: coefficients=2553 negative=262 [32.2s]
S_r floor=8 target=0.000000e+00: FAIL
blocks: 292 [0.6s]
S_r transfer: coefficients=2553 negative=252 [32.6s]
S_r floor=9 target=0.000000e+00: FAIL
blocks: 292 [0.6s]
S_r transfer: coefficients=2553 negative=233 [33.2s]
S_r floor=10 target=0.000000e+00: FAIL
blocks: 292 [0.6s]
S_r transfer: coefficients=2553 negative=190 [33.2s]
S_r floor=12 target=0.000000e+00: FAIL
blocks: 292 [0.6s]
S_r transfer: coefficients=2553 negative=152 [33.3s]
S_r floor=14 target=0.000000e+00: FAIL
blocks: 292 [0.6s]
S_r transfer: coefficients=2553 negative=61 [33.3s]
S_r floor=16 target=0.000000e+00: FAIL
blocks: 292 [0.6s]
S_r transfer: coefficients=2553 negative=0 [33.7s]
S_r floor=18 target=0.000000e+00: PASS

FIRST STABLE PLAIN-POSITIVITY FLOOR: 18

===== ORIGINAL QUANTITATIVE TARGET =====
blocks: 292 [0.6s]
S_r transfer: coefficients=2553 negative=0 [34.1s]
S_r floor=18 target=1.998785e+00: PASS

===== FINAL DISCRIMINATOR =====
plain positivity floor: 18
original-target floor: 18
The earlier floor-23 threshold was an interval-cancellation artifact.
