0 3.82084421807125315754819
1 3.039080141120097706466430541
2 2.430575368988851950095678589
3 1.953899664623199484635440322
4 1.57827730803075828306195251
5 1.280648044188486166398147945
6 1.043595853874756663177865759
7 0.8538717063390576924347121753
8 0.7013286837078900585526052345
9 0.5781469707648815010308610965
10 0.4782648619900527119627197475
11 0.3969576593136471607530943963
12 0.3305237030997034168163400247
13 0.2760486618107886822147911649
14 0.2312274310346570837896909344
15 0.1942287465544936929398737279
16 0.1635916805102265761368692874
17 0.1381460862549129907037586884
18 0.1169511388899431216073532583
19 0.09924762559981518100999566342
20 0.08442073908850002983163106246
21 0.07197093448616870983000234166
22 0.06149100644736108914191375247
23 0.05264798646075334536677610947
24 0.0451687917920793818612022469
25 0.0388288065678925235663503139
26 0.03344276368777435435305708544
27 0.02885743911180345499463574265
28 0.02494577904163626797514140936
29 0.02160216396950437806917904947
30 0.01873857792002204517585912711
31 0.01628150022159502010581205377
32 0.01416937956259053803005176453
33 0.01235054883460519696561978781
34 0.01078178453120369517450922175
35 0.009423153552237978192156487538
36 0.008325853731753088580304
37 0.0033043065743748373817737
minimum 37 0.0033043065743748373817737
