height 16.0 step 0.02 norm 1.15986636421130811e+03 endpoint 7.95919166872432184e-20 max 1.30090240145474650e+03
remainder_at 0.75 7.12646524319699576e-03
remainder_at 0.8 3.20212724554308709e-03
remainder_at 0.85 1.43880851821140908e-03
remainder_at 0.9 6.46498341050966456e-04
remainder_at 1.0 1.30525763947511385e-04
height 16.0 step 0.01 norm 1.15986636421130811e+03 endpoint 7.95919166872432184e-20 max 1.30090240145474650e+03
remainder_at 0.75 7.12646524319699576e-03
remainder_at 0.8 3.20212724554308709e-03
remainder_at 0.85 1.43880851821140908e-03
remainder_at 0.9 6.46498341050966456e-04
remainder_at 1.0 1.30525763947511385e-04
height 18.0 step 0.02 norm 3.25951156373373988e+03 endpoint 1.03304612700294223e-19 max 3.34917861049654039e+03
remainder_at 0.75 4.46865699547476652e-03
remainder_at 0.8 1.81682035414762293e-03
remainder_at 0.85 7.38664033195594915e-04
remainder_at 0.9 3.00318384638951542e-04
remainder_at 1.0 4.96422950933214454e-05
height 18.0 step 0.01 norm 3.25951156373373942e+03 endpoint 1.03304612700294223e-19 max 3.34917861049654039e+03
remainder_at 0.75 4.46865699547476566e-03
remainder_at 0.8 1.81682035414762249e-03
remainder_at 0.85 7.38664033195594806e-04
remainder_at 0.9 3.00318384638951488e-04
remainder_at 1.0 4.96422950933214386e-05
height 20.0 step 0.02 norm 1.70476616743338309e+04 endpoint 1.38039451350113019e-19 max 2.72810893564587568e+04
remainder_at 0.75 5.21491926530875949e-03
remainder_at 0.8 1.91846158507597508e-03
remainder_at 0.85 7.05762575826629187e-04
remainder_at 0.9 2.59635541994818035e-04
remainder_at 1.0 3.51378496141601458e-05
height 20.0 step 0.01 norm 1.70476616743338309e+04 endpoint 1.38039451350113019e-19 max 2.72810893564587568e+04
remainder_at 0.75 5.21491926530875949e-03
remainder_at 0.8 1.91846158507597508e-03
remainder_at 0.85 7.05762575826629187e-04
remainder_at 0.9 2.59635541994818035e-04
remainder_at 1.0 3.51378496141601458e-05
