0 moment 3.82084421807125315754819 term 3.82084421807125315754819 ratio nan partial 3.82084421807125315754819
1 moment 90.3914713974773490313283 term 28.9252708471927516900251 ratio 7.5703873794138 partial -25.1044266291214985324769
2 moment 6761.17365293319472719908 term 115.390697010059856677531 ratio 3.9892693700138 partial 90.2862703809383581450541
3 moment 884160.301882429845510416 term 321.912941912038457529837 ratio 2.7897651219142 partial -231.626671531100099384783
4 moment 169111967.084479227431518 term 703.677579355455914219172 ratio 2.1859250988043 partial 472.050907824355814834389
5 moment 43296653171.373547514495 term 1281.12399000567728983588 ratio 1.8206122059184 partial -809.073082181321475001494
6 moment 14062769117336.962463153 term 2017.50085010692374776942 ratio 1.5747896892462 partial 1208.42776792560227276793
7 moment 5588476205167410.82924171 term 2819.32324414776472399904 ratio 1.3974334850954 partial -1610.89547622216245123111
8 moment 2646879565998881891.50007 term 3560.855737612454970954 ratio 1.2630179050962 partial 1949.9602613902925197229
9 moment 1464669397495881677270.09 term 4121.14934614449996582076 ratio 1.1573480224469 partial -2171.18908475420744609786
10 moment 932170252370927122728885.0 term 4417.4369797930799199224 ratio 1.0718944179797 partial 2246.24789503887247382454
11 moment 6.73730558509464175969907e+26 term 4422.82104640077713282493 ratio 1.0012188213736 partial -2176.57315136190465900039
12 moment 5.47207463132280676294336e+29 term 4164.91391685951045553529 ratio 0.94168718859852 partial 1988.3407654976057965349
13 moment 4.95055944178560662351603e+32 term 3710.00858410982671074408 ratio 0.89077677430301 partial -1721.66781861222091420918
14 moment 4.9512568884752115221562e+35 term 3141.19048382540341485606 ratio 0.84668011208365 partial 1419.52266521318250064687
15 moment 5.43878984165977375623486e+38 term 2538.29335337472680382561 ratio 0.80806731283725 partial -1118.77068816154430317873
16 moment 6.5243885352400542877989e+41 term 1964.48018483846431269382 ratio 0.77393741043628 partial 845.70949667692000951509
17 moment 8.50445673894307808070114e+44 term 1460.63441796519689345653 ratio 0.743522092632 partial -614.924921288276883941439
18 moment 1.19918026584977173532866e+48 term 1046.13770576881298340715 ratio 0.71622145343267 partial 431.212784480536099465713
19 moment 1.82187959493446473031294e+51 term 723.466969228037278109255 ratio 0.69155997842211 partial -292.254184747501178643542
20 moment 2.9716076731374119485381e+54 term 484.112038678826500048962 ratio 0.66915568957542 partial 191.85785393132532140542
21 moment 5.18665367405764759679424e+57 term 314.04254513679329619093 ratio 0.64869806996297 partial -122.18469120546797478551
22 moment 9.65877535459260028200131e+60 term 197.825442389870828716056 ratio 0.62993198040635 partial 75.6407511844028539305469
23 moment 1.91391154057734971325453e+64 term 121.196916327297603751416 ratio 0.61264574901566 partial -45.556165142894749820869
24 moment 4.02540444920598685979304e+67 term 72.3136211726367629445666 ratio 0.59666222016203 partial 26.7574560297420131236976
25 moment 8.9658855120016003096287e+70 term 42.0743742882631290181501 ratio 0.58183193713695 partial -15.3169182585211158944526
26 moment 2.11035924793896102711771e+74 term 23.8994178959732673224434 ratio 0.56802788633841 partial 8.58249963745215142799082
27 moment 5.23901526144642762631034e+77 term 13.2675563090696508949618 ratio 0.55514139996293 partial -4.68505667161749946697094
28 moment 1.36925192121284834303648e+81 term 7.20533027109182227466403 ratio 0.54307892902375 partial 2.52027359947432280769309
29 moment 3.76115709650644569836059e+84 term 3.83150266211251916020114 ratio 0.53175947776949 partial -1.31122906263819635250805
30 moment 1.0841173396833923047866e+88 term 1.99664410763980957171511 ratio 0.52111254609933 partial 0.685415045001613219207055
31 moment 3.27418884314384185302879e+91 term 1.02043781440623732415251 ratio 0.51107646600699 partial -0.335022769404624104945454
32 moment 1.03466377555787621863254e+95 term 0.511848593800157858914384 ratio 0.50159704645793 partial 0.17682582439553375396893
33 moment 3.41660127869201515868747e+98 term 0.252150161720022025390764 ratio 0.49262646175886 partial -0.0753243373244882714218346
34 moment 1.17747896820254022151528e+102 term 0.122071524730508409684639 ratio 0.48412233368326 partial 0.046747187406020138262804
35 moment 4.23028979527988595105429e+105 term 0.0581117793398813506305123 ratio 0.47604696892393 partial -0.0113645919338612123677082
36 moment 1.58258491269412588488192e+109 term 0.0272176235952161985452016 ratio 0.46836672193476 partial 0.0158530316613549861774934
37 moment 6.15872806238571669602903e+112 term 0.0125487250869801487808546 ratio 0.4610514596574 partial 0.0033043065743748373966388
