residue 1 14.13472514173469379045725198 723.2126957665818659716809246
residue 2 21.02203963877155499262847959 -56338.73849702652657716513477
residue 3 25.01085758014568876321379099 790386.5654568459677993384312
residue 4 30.42487612585951321031189753 -41464374.18595048960845091041
residue 5 32.93506158773918969066236896 244548100.7958557478648317294
residue 6 37.58617815882567125721776348 -5345497962.881289314738098313
residue 7 40.91871901214749518739812691 81997845235.13004845769002654
residue 8 43.32707328091499951949612217 -399853694719.8257452058551479
residue 9 48.00515088116715972794247275 15402163006077.36197540648509
residue 10 49.77383247767230218191678468 -64086594429293.27957736652636
residue 11 52.97032147771446064414729661 413750476383081.6133235053522
residue 12 56.44624769706339480436775948 -5816770800983153.823444012208
residue 13 59.34704400260235307965364867 88477783002362391.50411351076
residue 14 60.83177852460980984425990182 -228820142943927310.2829793917
residue 15 65.11254404808160666087505425 4237579372482175012.786702821
residue 16 67.0798105294941737144788289 -24190315258131279978.41765606
residue 17 69.54640171117397925292685753 128563790311539903071.934201
residue 18 72.06715767448190758252210797 -645106020396104092717.7688329
residue 19 75.70469069908393316832691676 17163057015883642127280.11772
residue 20 77.14484006887480537268266486 -62833334838222280417591.01113
residue 21 79.33737502024936792276359288 184977107419153402195835.4059
residue 22 82.91038085408603018316483749 -2845694545948146853013938.953
residue 23 84.73549298051705010573531121 13957354726556520543055766.53
residue 24 87.42527461312522940653166785 -131206136332652970376929843.4
residue 25 88.80911120763446542368234808 313087598980960155179476354.0
residue 26 92.49189927055848429625972524 -3809410956373845005459560645.0
residue 27 94.65134404051988696659792582 4.051932336369564920718779242e+28
residue 28 95.87063422824530975874102922 -9.018057721904364524384314081e+28
residue 29 98.83119421819369223332442014 4.213169765486867049663475227e+29
residue 30 101.3178510057313912287854479 -3.169398937196754849746448442e+30
sum 0.5 -219746215.19117484437 rest_over_first -356428095.169 abs_rest_over_first 1273808682.36
sum 0.55 -1334808.9528353120248 rest_over_first -4389361.91554 abs_rest_over_first 19852152.9877
sum 0.6 -8083.7116964504242172 rest_over_first -53893.0437961 abs_rest_over_first 327834.793306
sum 0.65 -48.758620623108936459 rest_over_first -660.017436593 abs_rest_over_first 5965.69214415
sum 0.7 -0.26801009409715407235 rest_over_first -8.34392617368 abs_rest_over_first 134.925161926
sum 0.75 0.011996705100303925668 rest_over_first -0.33354506062 abs_rest_over_first 6.09964383579
sum 0.8 0.0072250352406839973621 rest_over_first -0.186269800295 abs_rest_over_first 1.12909774771
sum 0.85 0.0037522513756941541802 rest_over_first -0.143230403766 abs_rest_over_first 0.490267825403
sum 0.9 0.0019239649175964291549 rest_over_first -0.109362604041 abs_rest_over_first 0.274019843988
sum 0.95 0.00097757188324145562448 rest_over_first -0.0825463428327 abs_rest_over_first 0.16821790497
sum 1.0 0.00049315551621499588721 rest_over_first -0.0616799721886 abs_rest_over_first 0.108260878873
sum 1.05 0.00024739493665825604278 rest_over_first -0.0456898251624 abs_rest_over_first 0.0716414302763
sum 1.1 0.00012357444165028716653 rest_over_first -0.0335952388147 abs_rest_over_first 0.0482663134549
sum 1.15 0.000061523914279847490433 rest_over_first -0.0245477404383 abs_rest_over_first 0.0329178804425
sum 1.2 0.000030555364937060932019 rest_over_first -0.0178423756423 abs_rest_over_first 0.0226458996483
sum 1.25 0.000015147143516380712834 rest_over_first -0.0129114500407 abs_rest_over_first 0.0156787683304
sum 1.3 7.4986179527918311131e-6 rest_over_first -0.00930890835025 abs_rest_over_first 0.0109072249901
sum 1.35 3.7084775275936924617e-6 rest_over_first -0.00669107247622 abs_rest_over_first 0.00761577269885
sum 1.4 1.8326992864617812255e-6 rest_over_first -0.00479727956223 abs_rest_over_first 0.0053328658486
sum 1.45 9.0522136494922969321e-7 rest_over_first -0.00343232545603 abs_rest_over_first 0.00374277153994
sum 1.5 4.4694116142435795104e-7 rest_over_first -0.00245152232768 abs_rest_over_first 0.00263155985772
sum 1.55 2.2060972362982378256e-7 rest_over_first -0.00174851677641 abs_rest_over_first 0.00185296178448
sum 1.6 1.0887087384039242496e-7 rest_over_first -0.0012456612828 abs_rest_over_first 0.00130626672414
sum 1.65 5.3720020115283255915e-8 rest_over_first -0.000886577650826 abs_rest_over_first 0.000921750074047
sum 1.7 2.6504267218104916056e-8 rest_over_first -0.000630513923788 abs_rest_over_first 0.000650928381175
sum 1.75 1.3075653398908390509e-8 rest_over_first -0.000448120535301 abs_rest_over_first 0.000459970132166
sum 1.8 6.4504221124142913811e-9 rest_over_first -0.000318322607932 abs_rest_over_first 0.000325201042553
sum 1.85 3.1819736200320298551e-9 rest_over_first -0.000226023593014 abs_rest_over_first 0.000230016501079
sum 1.9 1.5696159757316890485e-9 rest_over_first -0.000160430695349 abs_rest_over_first 0.00016274861404
sum 1.95 7.7425138418786198022e-10 rest_over_first -0.000113840345771 abs_rest_over_first 0.00011518593737
sum 2.0 3.8191322836689905037e-10 rest_over_first -8.07611767417e-5 abs_rest_over_first 8.15423232507e-5
